<?xml version="1.0" encoding="UTF-8"?>
<testsuite name="testSuite.ticktick.CrudTickTickLists" tests="1" skipped="0" failures="0" errors="0" timestamp="2022-12-19T16:14:02" hostname="netdata-VirtualBox" time="56.789">
  <properties/>
  <testcase name="VerifyCrudLists()" classname="testSuite.ticktick.CrudTickTickLists" time="56.789"/>
  <system-out><![CDATA[]]></system-out>
  <system-err><![CDATA[SLF4J: Failed to load class "org.slf4j.impl.StaticLoggerBinder".
SLF4J: Defaulting to no-operation (NOP) logger implementation
SLF4J: See http://www.slf4j.org/codes.html#StaticLoggerBinder for further details.
Starting ChromeDriver 107.0.5304.62 (1eec40d3a5764881c92085aaee66d25075c159aa-refs/branch-heads/5304@{#942}) on port 13313
Only local connections are allowed.
Please see https://chromedriver.chromium.org/security-considerations for suggestions on keeping ChromeDriver safe.
ChromeDriver was started successfully.
[1671466445,133][WARNING]: This version of ChromeDriver has not been tested with Chrome version 108.
Dec 19, 2022 12:14:07 PM org.openqa.selenium.devtools.CdpVersionFinder findNearestMatch
WARNING: Unable to find an exact match for CDP version 108, so returning the closest version found: 106
]]></system-err>
</testsuite>
