<?xml version="1.0" encoding="UTF-8"?>
<testsuite name="testSuite.ticktick.CrudTickTick" tests="1" skipped="0" failures="0" errors="0" timestamp="2022-12-19T18:57:26" hostname="netdata-VirtualBox" time="56.379">
  <properties/>
  <testcase name="CrudTickTickApp()" classname="testSuite.ticktick.CrudTickTick" time="56.379"/>
  <system-out><![CDATA[]]></system-out>
  <system-err><![CDATA[Starting ChromeDriver 107.0.5304.62 (1eec40d3a5764881c92085aaee66d25075c159aa-refs/branch-heads/5304@{#942}) on port 20021
Only local connections are allowed.
Please see https://chromedriver.chromium.org/security-considerations for suggestions on keeping ChromeDriver safe.
ChromeDriver was started successfully.
[1671476249,639][WARNING]: This version of ChromeDriver has not been tested with Chrome version 108.
Dec 19, 2022 2:57:30 PM org.openqa.selenium.devtools.CdpVersionFinder findNearestMatch
WARNING: Unable to find an exact match for CDP version 108, so returning the closest version found: 106
]]></system-err>
</testsuite>
